Removed Pin From Net: NetName=GND Pin=IR Photondiodes-1
Removed Member From Class: ClassName=HW1 Member=IR Photondiodes
Added Component: Designator=Photodiode(VISH-BPW21R-2)
Add component (AddParameter): Name = "Angle of Half Sensitivity กำ"; Value = "50deg"; VariantName = "[No Variations]"
Add component (AddParameter): Name = "Automotive Qualification Standard"; Value = "-"; VariantName = "[No Variations]"
Add component (AddParameter): Name = "Dark Current"; Value = "2000pA"; VariantName = "[No Variations]"
Add component (AddParameter): Name = "Datasheet URL"; Value = "https://datasheet.ciiva.com/25620/0900766b80e22c15-25620368.pdf"; VariantName = "[No Variations]"
Add component (AddParameter): Name = "Datasheet Version"; Value = "Rev. 1.7, 11/2011"; VariantName = "[No Variations]"
Add component (AddParameter): Name = "Diode Case Style"; Value = "TO-5"; VariantName = "[No Variations]"
Add component (AddParameter): Name = "Manufacturer"; Value = "Vishay"; VariantName = "[No Variations]"
Add component (AddParameter): Name = "Manufacturer URL"; Value = "http://www.vishay.com/"; VariantName = "[No Variations]"
Add component (AddParameter): Name = "MSL"; Value = "-"; VariantName = "[No Variations]"
Add component (AddParameter): Name = "No. of Pins"; Value = "2Pins"; VariantName = "[No Variations]"
Add component (AddParameter): Name = "Operating Temperature Max"; Value = "125degC"; VariantName = "[No Variations]"
Add component (AddParameter): Name = "Operating Temperature Min"; Value = "-40degC"; VariantName = "[No Variations]"
Add component (AddParameter): Name = "Packaging"; Value = "Each"; VariantName = "[No Variations]"
Add component (AddParameter): Name = "Product Range"; Value = "-"; VariantName = "[No Variations]"
Add component (AddParameter): Name = "SVHC"; Value = "ToBeAdvised"; VariantName = "[No Variations]"
Add component (AddParameter): Name = "Wavelength of Peak Sensitivity"; Value = "565nm"; VariantName = "[No Variations]"
Added Pin To Net: NetName=GND Pin=Photodiode-2
Added Pin To Net: NetName=NetMCU1_19 Pin=MCU1-19
Added Pin To Net: NetName=NetMCU1_19 Pin=Photodiode-1
Added Pin To Net: NetName=NetMCU1_19 Pin=R for photondiode-2
Added Net: Name=NetMCU1_19
Added Member To Class: ClassName=HW1 Member=Component Photodiode BPW21R
