Change Component Designator: OldDesignator=Photondiodes NewDesignator=IR Photondiodes
Added Component: Designator=5Vpower(MHDR1X2)
Add component (AddParameter): Name = "LatestRevisionDate"; Value = "17-Jul-2002"; VariantName = "[No Variations]"
Add component (AddParameter): Name = "LatestRevisionNote"; Value = "Re-released for DXP Platform."; VariantName = "[No Variations]"
Add component (AddParameter): Name = "Publisher"; Value = "Altium Limited"; VariantName = "[No Variations]"
Added Component: Designator=power(3.2X1.6X1.1)
Add component (AddParameter): Name = "LatestRevisionDate"; Value = "17-Jul-2002"; VariantName = "[No Variations]"
Add component (AddParameter): Name = "LatestRevisionNote"; Value = "Re-released for DXP Platform."; VariantName = "[No Variations]"
Add component (AddParameter): Name = "PackageDescription"; Value = "SM LED; 2 Flat Leads"; VariantName = "[No Variations]"
Add component (AddParameter): Name = "PackageReference"; Value = "3.2X1.6X1.1"; VariantName = "[No Variations]"
Add component (AddParameter): Name = "PackageVersion"; Value = "Feb-2002"; VariantName = "[No Variations]"
Add component (AddParameter): Name = "Published"; Value = "8-Jun-2000"; VariantName = "[No Variations]"
Add component (AddParameter): Name = "Publisher"; Value = "Altium Limited"; VariantName = "[No Variations]"
Added Component: Designator=Pull-up R for Thermalsensor(AXIAL-0.3)
Add component (AddParameter): Name = "LatestRevisionDate"; Value = "17-Jul-2002"; VariantName = "[No Variations]"
Add component (AddParameter): Name = "LatestRevisionNote"; Value = "Re-released for DXP Platform."; VariantName = "[No Variations]"
Add component (AddParameter): Name = "PackageDescription"; Value = "Axial Device, Thru-Hole; 2 Leads; 0.3 in Pin Spacing"; VariantName = "[No Variations]"
Add component (AddParameter): Name = "PackageReference"; Value = "AXIAL-0.3"; VariantName = "[No Variations]"
Add component (AddParameter): Name = "Published"; Value = "8-Jun-2000"; VariantName = "[No Variations]"
Add component (AddParameter): Name = "Publisher"; Value = "Altium Limited"; VariantName = "[No Variations]"
Add component (AddParameter): Name = "Value"; Value = "4.7K"; VariantName = "[No Variations]"
Added Component: Designator=R1 for xbee(AXIAL-0.3)
Add component (AddParameter): Name = "LatestRevisionDate"; Value = "17-Jul-2002"; VariantName = "[No Variations]"
Add component (AddParameter): Name = "LatestRevisionNote"; Value = "Re-released for DXP Platform."; VariantName = "[No Variations]"
Add component (AddParameter): Name = "PackageDescription"; Value = "Axial Device, Thru-Hole; 2 Leads; 0.3 in Pin Spacing"; VariantName = "[No Variations]"
Add component (AddParameter): Name = "PackageReference"; Value = "AXIAL-0.3"; VariantName = "[No Variations]"
Add component (AddParameter): Name = "Published"; Value = "8-Jun-2000"; VariantName = "[No Variations]"
Add component (AddParameter): Name = "Publisher"; Value = "Altium Limited"; VariantName = "[No Variations]"
Add component (AddParameter): Name = "Value"; Value = "2K"; VariantName = "[No Variations]"
Added Component: Designator=R for photondiode(AXIAL-0.3)
Add component (AddParameter): Name = "LatestRevisionDate"; Value = "17-Jul-2002"; VariantName = "[No Variations]"
Add component (AddParameter): Name = "LatestRevisionNote"; Value = "Re-released for DXP Platform."; VariantName = "[No Variations]"
Add component (AddParameter): Name = "PackageDescription"; Value = "Axial Device, Thru-Hole; 2 Leads; 0.3 in Pin Spacing"; VariantName = "[No Variations]"
Add component (AddParameter): Name = "PackageReference"; Value = "AXIAL-0.3"; VariantName = "[No Variations]"
Add component (AddParameter): Name = "Published"; Value = "8-Jun-2000"; VariantName = "[No Variations]"
Add component (AddParameter): Name = "Publisher"; Value = "Altium Limited"; VariantName = "[No Variations]"
Add component (AddParameter): Name = "Value"; Value = "100"; VariantName = "[No Variations]"
Added Component: Designator=R for xbee(AXIAL-0.3)
Add component (AddParameter): Name = "LatestRevisionDate"; Value = "17-Jul-2002"; VariantName = "[No Variations]"
Add component (AddParameter): Name = "LatestRevisionNote"; Value = "Re-released for DXP Platform."; VariantName = "[No Variations]"
Add component (AddParameter): Name = "PackageDescription"; Value = "Axial Device, Thru-Hole; 2 Leads; 0.3 in Pin Spacing"; VariantName = "[No Variations]"
Add component (AddParameter): Name = "PackageReference"; Value = "AXIAL-0.3"; VariantName = "[No Variations]"
Add component (AddParameter): Name = "Published"; Value = "8-Jun-2000"; VariantName = "[No Variations]"
Add component (AddParameter): Name = "Publisher"; Value = "Altium Limited"; VariantName = "[No Variations]"
Add component (AddParameter): Name = "Value"; Value = "3K"; VariantName = "[No Variations]"
Added Component: Designator=XBee(XB24CAPIT-001)
Add component (AddParameter): Name = "Arrow Part Number"; Value = "XB24CZ7PIT-004"; VariantName = "[No Variations]"
Add component (AddParameter): Name = "Arrow Price/Stock"; Value = "https://www.arrow.com/en/products/xb24cz7pit-004/digi-international"; VariantName = "[No Variations]"
Add component (AddParameter): Name = "Datasheet Link"; Value = "http://www.digi.com/pdf/ds_xbee_zigbee.pdf"; VariantName = "[No Variations]"
Add component (AddParameter): Name = "Manufacturer_Name"; Value = "Digi International"; VariantName = "[No Variations]"
Add component (AddParameter): Name = "Manufacturer_Part_Number"; Value = "XB24CZ7PIT-004"; VariantName = "[No Variations]"
Add component (AddParameter): Name = "Mouser Part Number"; Value = "888-XB24CZ7PIT-004"; VariantName = "[No Variations]"
Add component (AddParameter): Name = "Mouser Price/Stock"; Value = "https://www.mouser.com/Search/Refine.aspx?Keyword=888-XB24CZ7PIT-004"; VariantName = "[No Variations]"
Added Pin To Net: NetName=5Vin Pin=5Vpower-1
Added Pin To Net: NetName=5Vin Pin=power-1
Added Net: Name=5Vin
Added Pin To Net: NetName=5V Pin=MCU1-6
Added Pin To Net: NetName=5V Pin=MCU1-18
Added Pin To Net: NetName=5V Pin=MCU1-31
Added Pin To Net: NetName=5V Pin=power-2
Added Pin To Net: NetName=5V Pin=Pull-up R for Thermalsensor-2
Added Pin To Net: NetName=5V Pin=R1 for xbee-2
Added Pin To Net: NetName=5V Pin=R for photondiode-1
Added Pin To Net: NetName=5V Pin=Thermal&Humiditysensor1-1
Added Pin To Net: NetName=5V Pin=Thermalsnesor1-3
Added Net: Name=5V
Added Pin To Net: NetName=GND Pin=5Vpower-2
Added Pin To Net: NetName=GND Pin=IR Photondiodes-1
Added Pin To Net: NetName=GND Pin=MCU1-3
Added Pin To Net: NetName=GND Pin=MCU1-20
Added Pin To Net: NetName=GND Pin=R for xbee-1
Added Pin To Net: NetName=GND Pin=Thermal&Humiditysensor1-4
Added Pin To Net: NetName=GND Pin=Thermalsnesor1-1
Added Pin To Net: NetName=GND Pin=XBee-10
Added Net: Name=GND
Added Pin To Net: NetName=MCUDataIn Pin=MCU1-13
Added Pin To Net: NetName=MCUDataIn Pin=XBee-2
Added Net: Name=MCUDataIn
Added Pin To Net: NetName=MCUDataOut Pin=MCU1-12
Added Pin To Net: NetName=MCUDataOut Pin=XBee-3
Added Net: Name=MCUDataOut
Added Pin To Net: NetName=NetIR Photondiodes_2 Pin=IR Photondiodes-2
Added Pin To Net: NetName=NetIR Photondiodes_2 Pin=MCU1-19
Added Pin To Net: NetName=NetIR Photondiodes_2 Pin=R for photondiode-2
Added Net: Name=NetIR Photondiodes_2
Added Pin To Net: NetName=NetMCU1_30 Pin=MCU1-30
Added Pin To Net: NetName=NetMCU1_30 Pin=Thermal&Humiditysensor1-2
Added Net: Name=NetMCU1_30
Added Pin To Net: NetName=NetPull-up R for Thermalsensor_1 Pin=Pull-up R for Thermalsensor-1
Added Pin To Net: NetName=NetPull-up R for Thermalsensor_1 Pin=Thermalsnesor1-2
Added Net: Name=NetPull-up R for Thermalsensor_1
Added Pin To Net: NetName=NetR1 for xbee_1 Pin=R1 for xbee-1
Added Pin To Net: NetName=NetR1 for xbee_1 Pin=R for xbee-2
Added Pin To Net: NetName=NetR1 for xbee_1 Pin=XBee-1
Added Net: Name=NetR1 for xbee_1
Added Member To Class: ClassName=HW1 Member=Component 5Vpower MHDR1X2
Added Member To Class: ClassName=HW1 Member=Component power LED2
Added Member To Class: ClassName=HW1 Member=Component Pull-up R for Thermalsensor Res1
Added Member To Class: ClassName=HW1 Member=Component R1 for xbee Res1
Added Member To Class: ClassName=HW1 Member=Component R for photondiode Res1
Added Member To Class: ClassName=HW1 Member=Component R for xbee Res1
Added Member To Class: ClassName=HW1 Member=Component XBee XB24CZ7PIT-004
