Added Component: Designator=5MHz Oscillator(FP-SOT23-5LD-PL-1-MFG)
Add component (AddParameter): Name = "Ambient Temperature Range High"; Value = "+85¢XC"; VariantName = "[No Variations]"
Add component (AddParameter): Name = "Ambient Temperature Range Low"; Value = "-40¢XC"; VariantName = "[No Variations]"
Add component (AddParameter): Name = "Automotive"; Value = "No"; VariantName = "[No Variations]"
Add component (AddParameter): Name = "Category"; Value = "IC"; VariantName = "[No Variations]"
Add component (AddParameter): Name = "ComponentLink2Description"; Value = "Datasheet"; VariantName = "[No Variations]"
Add component (AddParameter): Name = "ComponentLink2URL"; Value = "http://ww1.microchip.com/downloads/en/DeviceDoc/MIC1555-57-IttyBitty-RC-Timer-Oscillator-DS20005730B.pdf"; VariantName = "[No Variations]"
Add component (AddParameter): Name = "Device Class L1"; Value = "Integrated Circuits (ICs)"; VariantName = "[No Variations]"
Add component (AddParameter): Name = "Device Class L2"; Value = "Clock and Timing"; VariantName = "[No Variations]"
Add component (AddParameter): Name = "Device Class L3"; Value = "Timers and Oscillators"; VariantName = "[No Variations]"
Add component (AddParameter): Name = "Digikey Description"; Value = "IC OSC SINGLE TIMER 5MHZ SOT23-5"; VariantName = "[No Variations]"
Add component (AddParameter): Name = "Frequency"; Value = "5MHz"; VariantName = "[No Variations]"
Add component (AddParameter): Name = "Height"; Value = "1.45mm"; VariantName = "[No Variations]"
Add component (AddParameter): Name = "Lead Free"; Value = "Yes"; VariantName = "[No Variations]"
Add component (AddParameter): Name = "Manufacturer"; Value = "Microchip"; VariantName = "[No Variations]"
Add component (AddParameter): Name = "Manufacturer Part Number"; Value = "MIC1557YM5-TR"; VariantName = "[No Variations]"
Add component (AddParameter): Name = "Max Supply Voltage"; Value = "18V"; VariantName = "[No Variations]"
Add component (AddParameter): Name = "Min Supply Voltage"; Value = "2.7V"; VariantName = "[No Variations]"
Add component (AddParameter): Name = "Mouser Description"; Value = "MIC1557 Series 5 MHz 20 mA IttyBitty RC Timer / Oscillator - SOT-23-5"; VariantName = "[No Variations]"
Add component (AddParameter): Name = "Nominal Supply Current"; Value = "255-370uA"; VariantName = "[No Variations]"
Add component (AddParameter): Name = "Number Of Timers/Counters"; Value = "1"; VariantName = "[No Variations]"
Add component (AddParameter): Name = "Octopart"; Value = "https://octopart.com/mic1557ym5-tr-microchip-66800156"; VariantName = "[No Variations]"
Add component (AddParameter): Name = "Package"; Value = "SOT23-5LD-PL-1"; VariantName = "[No Variations]"
Add component (AddParameter): Name = "RoHS"; Value = "TRUE"; VariantName = "[No Variations]"
Add component (AddParameter): Name = "Standoff Height"; Value = "0mm"; VariantName = "[No Variations]"
Add component (AddParameter): Name = "Temperature"; Value = "-40¢XC to +85¢XC"; VariantName = "[No Variations]"
Add component (AddParameter): Name = "Temperature Range High"; Value = "+85¢XC"; VariantName = "[No Variations]"
Add component (AddParameter): Name = "Temperature Range Low"; Value = "-40¢XC"; VariantName = "[No Variations]"
Added Pin To Net: NetName=GND Pin=5MHz Oscillator-2
Added Pin To Net: NetName=5V Pin=5MHz Oscillator-4
Added Pin To Net: NetName=Net5MHz Oscillator_5 Pin=5MHz Oscillator-5
Added Pin To Net: NetName=Net5MHz Oscillator_5 Pin=MCU1-8
Added Net: Name=Net5MHz Oscillator_5
Added Member To Class: ClassName=HW1 Member=Component 5MHz Oscillator MIC1557YM5-TR
